<?xml version="1.0" encoding="UTF-8"?>
<!-- Generated by org.testng.reporters.JUnitReportReporter -->
<testsuite hostname="Neya-2.local" failures="0" tests="1" name="scraping.Runner" time="290.724" errors="0" timestamp="09 May 2021 13:03:54 GMT" skipped="0">
  <testcase classname="scraping.Runner" name="Scrape" time="290.724"/>
</testsuite> <!-- scraping.Runner -->
